<?xml version="1.0" encoding="UTF-8"?>
<!-- Generated by org.testng.reporters.JUnitReportReporter -->
<testsuite skipped="0" hostname="DESKTOP-EATO90P" name="com.craftsville.qa.Test.TestRelegionalSarees" tests="1" failures="0" timestamp="02 Sep 2018 21:27:08 GMT" time="18.352" errors="0">
  <testcase name="Testclickonpage3" time="18.352" classname="com.craftsville.qa.Test.TestRelegionalSarees"/>
</testsuite> <!-- com.craftsville.qa.Test.TestRelegionalSarees -->
