<?xml version="1.0" encoding="UTF-8"?>
<!-- Generated by org.testng.reporters.JUnitReportReporter -->
<testsuite skipped="0" hostname="DESKTOP-EATO90P" name="com.craftsville.qa.Test.TestHomepage" tests="1" failures="0" timestamp="02 Sep 2018 16:39:21 GMT" time="11.684" errors="0">
  <testcase name="Testgotorelegonalsarees" time="11.684" classname="com.craftsville.qa.Test.TestHomepage"/>
</testsuite> <!-- com.craftsville.qa.Test.TestHomepage -->
