<?xml version="1.0" encoding="UTF-8"?>
<!-- Generated by org.testng.reporters.JUnitReportReporter -->
<testsuite skipped="0" hostname="DESKTOP-EATO90P" name="TestHomepage" tests="1" failures="0" timestamp="02 Sep 2018 16:35:49 GMT" time="12.105" errors="0">
  <testcase name="Testgotorelegonalsarees" time="12.105" classname="TestHomepage"/>
</testsuite> <!-- TestHomepage -->
